2024-02-03 12:03:50,945 INFO DuckduckgoSearchTest [main] Драйвер остановлен
2024-02-03 12:06:52,250 INFO DuckduckgoSearchTest [main] Драйвер остановлен
2024-02-03 12:07:44,365 INFO DuckduckgoSearchTest [main] Драйвер остановлен
2024-02-03 12:08:29,190 INFO DuckduckgoSearchTest [main] Драйвер остановлен
2024-02-03 12:11:13,684 INFO DuckduckgoSearchTest [main] Драйвер остановлен
2024-02-03 12:11:17,691 INFO DuckduckgoSearchTest [main] Драйвер остановлен
2024-02-03 12:18:32,759 INFO DuckduckgoSearchTest [main] Драйвер остановлен
2024-02-03 12:18:37,972 INFO DuckduckgoSearchTest [main] Драйвер остановлен
2024-02-03 12:52:09,796 INFO DuckduckgoSearchTest [main] Драйвер запущен
2024-02-03 12:52:12,090 INFO DuckduckgoSearchTest [main] Автотест findFirstSearchResult пройден Успешно
2024-02-03 12:52:12,178 INFO DuckduckgoSearchTest [main] Драйвер остановлен
2024-02-03 13:10:37,960 INFO DuckduckgoSearchTest [main] Start driver
2024-02-03 13:10:39,832 INFO DuckduckgoSearchTest [main] findFirstSearchResult passed
2024-02-03 13:10:39,917 INFO DuckduckgoSearchTest [main] Stop driver
2024-02-03 13:35:34,029 INFO DuckduckgoSearchTest [main] Start driver
2024-02-03 13:35:35,226 INFO DuckduckgoSearchTest [main] Stop driver
2024-02-03 13:36:29,858 INFO PhotoflashPhotoTest [main] Start driver
2024-02-03 13:36:30,096 INFO PhotoflashPhotoTest [main] openModalWindow passed
2024-02-03 13:36:30,296 INFO PhotoflashPhotoTest [main] Stop driver
2024-02-03 13:55:32,601 INFO OtusAuthorizationTest [main] Stop driver
2024-02-03 13:57:56,203 INFO OtusAuthorizationTest [main] Start driver
2024-02-03 13:57:56,616 INFO OtusAuthorizationTest [main] Stop driver
2024-02-03 13:58:25,807 INFO OtusAuthorizationTest [main] Start driver
2024-02-03 13:58:26,051 INFO OtusAuthorizationTest [main] Stop driver
2024-02-03 13:58:58,757 INFO OtusAuthorizationTest [main] Start driver
2024-02-03 13:58:59,152 INFO OtusAuthorizationTest [main] Stop driver
2024-02-03 14:14:44,105 INFO DuckduckgoSearchTest [main] Start driver
2024-02-03 14:14:46,264 INFO DuckduckgoSearchTest [main] findFirstSearchResult passed
2024-02-03 14:14:46,340 INFO DuckduckgoSearchTest [main] Stop driver
2024-02-03 14:26:49,237 INFO OtusAuthorizationTest [main] Start driver
2024-02-03 14:26:49,560 INFO OtusAuthorizationTest [main] Stop driver
2024-02-03 15:39:24,553 INFO OtusAuthorizationTest [main] Stop driver
2024-02-03 15:39:44,884 INFO OtusAuthorizationTest [main] Stop driver
2024-02-03 15:40:26,306 INFO OtusAuthorizationTest [main] Start driver
2024-02-03 15:40:26,550 INFO OtusAuthorizationTest [main] Stop driver
2024-02-03 15:43:50,114 INFO OtusAuthorizationTest [main] Start driver
2024-02-03 15:43:50,406 INFO OtusAuthorizationTest [main] Stop driver
2024-02-03 15:44:28,693 INFO OtusAuthorizationTest [main] Stop driver
2024-02-03 16:39:21,227 INFO OtusAuthorizationTest [main] Start driver
2024-02-03 16:39:22,550 INFO OtusAuthorizationTest [main] Stop driver
2024-02-03 16:41:02,111 INFO OtusAuthorizationTest [main] Start driver
2024-02-03 16:41:02,773 INFO OtusAuthorizationTest [main] Stop driver
2024-02-03 16:41:47,613 INFO OtusAuthorizationTest [main] Start driver
2024-02-03 16:41:48,214 INFO OtusAuthorizationTest [main] Stop driver
2024-02-03 16:42:27,501 INFO OtusAuthorizationTest [main] Start driver
2024-02-03 16:42:58,667 INFO OtusAuthorizationTest [main] Stop driver
2024-02-03 16:57:52,480 INFO OtusAuthorizationTest [main] Stop driver
2024-02-03 16:58:18,535 INFO OtusAuthorizationTest [main] Start driver
2024-02-03 16:58:18,818 INFO OtusAuthorizationTest [main] Stop driver
2024-02-06 13:36:06,465 INFO DuckduckgoSearchTest [main] Start driver
2024-02-06 13:36:09,001 INFO DuckduckgoSearchTest [main] findFirstSearchResult passed
2024-02-06 13:36:09,089 INFO DuckduckgoSearchTest [main] Stop driver
2024-02-06 13:36:40,541 INFO PhotoflashPhotoTest [main] Start driver
2024-02-06 13:36:40,732 INFO PhotoflashPhotoTest [main] openModalWindow passed
2024-02-06 13:36:40,921 INFO PhotoflashPhotoTest [main] Stop driver
2024-02-06 13:45:12,430 INFO DuckduckgoSearchTest [main] Start driver
2024-02-06 13:45:13,959 INFO DuckduckgoSearchTest [main] findFirstSearchResult passed
2024-02-06 13:45:14,030 INFO DuckduckgoSearchTest [main] Stop driver
2024-02-06 13:45:35,880 INFO OtusAuthorizationTest [main] Start driver
2024-02-06 13:46:06,843 INFO OtusAuthorizationTest [main] Stop driver
2024-02-06 13:46:12,385 INFO PhotoflashPhotoTest [main] Start driver
2024-02-06 13:46:12,586 INFO PhotoflashPhotoTest [main] openModalWindow passed
2024-02-06 13:46:12,806 INFO PhotoflashPhotoTest [main] Stop driver
2024-02-06 13:50:25,417 INFO OtusAuthorizationTest [main] Stop driver
2024-02-06 13:50:38,148 INFO OtusAuthorizationTest [main] Stop driver
2024-02-06 13:51:08,049 INFO DuckduckgoSearchTest [main] Start driver
2024-02-06 13:51:10,210 INFO DuckduckgoSearchTest [main] findFirstSearchResult passed
2024-02-06 13:51:10,287 INFO DuckduckgoSearchTest [main] Stop driver
2024-02-06 13:51:26,096 INFO OtusAuthorizationTest [main] Start driver
2024-02-06 13:51:57,031 INFO OtusAuthorizationTest [main] Stop driver
2024-02-06 13:52:05,304 INFO PhotoflashPhotoTest [main] Start driver
2024-02-06 13:52:05,458 INFO PhotoflashPhotoTest [main] openModalWindow passed
2024-02-06 13:52:05,634 INFO PhotoflashPhotoTest [main] Stop driver
2024-02-06 13:52:36,802 INFO OtusAuthorizationTest [main] Start driver
2024-02-06 13:53:07,758 INFO OtusAuthorizationTest [main] Stop driver
2024-02-06 13:54:18,203 INFO OtusAuthorizationTest [main] Stop driver
2024-02-06 13:54:26,718 INFO OtusAuthorizationTest [main] Stop driver
2024-02-06 13:55:12,813 INFO OtusAuthorizationTest [main] Start driver
2024-02-06 13:55:13,327 INFO OtusAuthorizationTest [main] Stop driver
2024-02-06 13:59:23,741 INFO OtusAuthorizationTest [main] Start driver
2024-02-06 13:59:24,272 INFO OtusAuthorizationTest [main] Stop driver
2024-02-06 14:00:33,034 INFO OtusAuthorizationTest [main] Start driver
2024-02-06 14:00:33,524 INFO OtusAuthorizationTest [main] Stop driver
2024-02-06 14:03:41,038 INFO OtusAuthorizationTest [main] Start driver
2024-02-06 14:03:42,076 INFO OtusAuthorizationTest [main] Stop driver
2024-02-06 14:07:03,259 INFO OtusAuthorizationTest [main] Start driver
2024-02-06 14:07:06,859 INFO OtusAuthorizationTest [main] Stop driver
2024-02-06 14:09:01,413 INFO OtusAuthorizationTest [main] Start driver
2024-02-06 14:09:04,331 INFO OtusAuthorizationTest [main] authorization passed
2024-02-06 14:09:04,569 INFO OtusAuthorizationTest [main] Stop driver
2024-02-06 14:12:15,658 INFO OtusAuthorizationTest [main] Start driver
2024-02-06 14:12:16,143 INFO OtusAuthorizationTest [main] Stop driver
2024-02-06 14:13:18,362 INFO OtusAuthorizationTest [main] Start driver
2024-02-06 14:13:21,688 INFO OtusAuthorizationTest [main] authorization passed
2024-02-06 14:13:21,878 INFO OtusAuthorizationTest [main] Stop driver
2024-02-06 14:14:42,409 INFO OtusAuthorizationTest [main] Start driver
2024-02-06 14:14:43,195 INFO OtusAuthorizationTest [main] [advcake_track_id=4b7bc082-edb9-1dd9-54ec-0475ceea5db8; expires=чт, 07 мар. 2024 02:14:08 MSK; path=/; domain=.otus.ru;secure;; sameSite=None, oid=4fdb198906b1adc8553b7d47218b3652; expires=ср, 12 мар. 2025 02:14:43 MSK; path=/; domain=.otus.ru; sameSite=Lax, _ym_d=1707218049; expires=ср, 05 февр. 2025 02:14:09 MSK; path=/; domain=.otus.ru;secure;; sameSite=None, login=otus51423@mailto.plus; path=/; domain=otus.ru;secure;; sameSite=Lax, _tt_enable_cookie=1; expires=вс, 02 мар. 2025 02:14:09 MSK; path=/; domain=.otus.ru; sameSite=Lax, _ym_visorc=w; expires=вт, 06 февр. 2024 02:44:10 MSK; path=/; domain=.otus.ru;secure;; sameSite=None, utm=utm_source%3Dtypein%26utm_medium%3Ddirect; expires=ср, 12 мар. 2025 02:14:43 MSK; path=/; domain=.otus.ru; sameSite=Lax, password=12345678Qw1!; path=/; domain=otus.ru;secure;; sameSite=Lax, _ym_uid=1707218049642726627; expires=ср, 05 февр. 2025 02:14:09 MSK; path=/; domain=.otus.ru;secure;; sameSite=None, _ym_isad=2; expires=ср, 07 февр. 2024 10:14:09 MSK; path=/; domain=.otus.ru;secure;; sameSite=None, _ga=GA1.1.1992583107.1707218048; expires=ср, 12 мар. 2025 02:14:08 MSK; path=/; domain=.otus.ru; sameSite=Lax, _ga_N2GWLW9R5Z=GS1.1.1707218048.1.0.1707218048.60.0.0; expires=ср, 12 мар. 2025 02:14:08 MSK; path=/; domain=.otus.ru; sameSite=Lax, _ttp=i9UriwQsB0SGSroU04eHPLatIzL; expires=вс, 02 мар. 2025 02:14:09 MSK; path=/; domain=.otus.ru; sameSite=Lax, advcake_session_id=a8404159-9811-1a6a-eec3-67dad5dece1a; expires=чт, 07 мар. 2024 02:14:08 MSK; path=/; domain=.otus.ru;secure;; sameSite=None]
2024-02-06 14:14:45,304 INFO OtusAuthorizationTest [main] authorization passed
2024-02-06 14:14:45,556 INFO OtusAuthorizationTest [main] Stop driver
2024-02-06 18:13:14,503 INFO OtusAuthorizationTest [main] Start driver
2024-02-06 18:13:15,727 INFO OtusAuthorizationTest [main] [advcake_track_id=76ec5535-86ea-f6ee-bd68-d08fddca2843; expires=чт, 07 мар. 2024 06:12:53 MSK; path=/; domain=.otus.ru;secure;; sameSite=None, oid=44c6c91cf82ea10c1a2cb2c2ba5ecb3f; expires=ср, 12 мар. 2025 06:13:15 MSK; path=/; domain=.otus.ru; sameSite=Lax, _ym_d=1707232374; expires=ср, 05 февр. 2025 06:12:54 MSK; path=/; domain=.otus.ru;secure;; sameSite=None, login=otus51423@mailto.plus; path=/; domain=otus.ru;secure;; sameSite=Lax, _tt_enable_cookie=1; expires=вс, 02 мар. 2025 06:12:54 MSK; path=/; domain=.otus.ru; sameSite=Lax, _ym_visorc=w; expires=вт, 06 февр. 2024 06:42:55 MSK; path=/; domain=.otus.ru;secure;; sameSite=None, utm=utm_source%3Dtypein%26utm_medium%3Ddirect; expires=ср, 12 мар. 2025 06:13:15 MSK; path=/; domain=.otus.ru; sameSite=Lax, password=12345678Qw1!; path=/; domain=otus.ru;secure;; sameSite=Lax, _ym_uid=1707232374627155540; expires=ср, 05 февр. 2025 06:12:54 MSK; path=/; domain=.otus.ru;secure;; sameSite=None, _ym_isad=2; expires=ср, 07 февр. 2024 02:12:54 MSK; path=/; domain=.otus.ru;secure;; sameSite=None, _ga=GA1.1.1658436025.1707232374; expires=ср, 12 мар. 2025 06:12:53 MSK; path=/; domain=.otus.ru; sameSite=Lax, _ga_N2GWLW9R5Z=GS1.1.1707232373.1.0.1707232373.60.0.0; expires=ср, 12 мар. 2025 06:12:53 MSK; path=/; domain=.otus.ru; sameSite=Lax, _ttp=1bbANWKekq3QwWdQn_BOuMsD5e9; expires=вс, 02 мар. 2025 06:12:54 MSK; path=/; domain=.otus.ru; sameSite=Lax, advcake_session_id=95974ff5-dc00-5e67-609c-3adf94a381e8; expires=чт, 07 мар. 2024 06:12:53 MSK; path=/; domain=.otus.ru;secure;; sameSite=None]
2024-02-06 18:13:18,077 INFO OtusAuthorizationTest [main] authorization passed
2024-02-06 18:13:18,410 INFO OtusAuthorizationTest [main] Stop driver
2024-02-06 18:15:30,699 INFO OtusAuthorizationTest [main] Start driver
2024-02-06 18:15:38,221 INFO OtusAuthorizationTest [main] authorization passed
2024-02-06 18:15:38,608 INFO OtusAuthorizationTest [main] Stop driver
2024-02-06 18:18:09,816 INFO OtusAuthorizationTest [main] Start driver
2024-02-06 18:18:10,855 INFO OtusAuthorizationTest [main] Cookies[_ym_uid=1707232671319114077; expires=ср, 05 февр. 2025 06:17:50 MSK; path=/; domain=.otus.ru;secure;; sameSite=None, advcake_track_id=e5060524-0f0c-1ace-ee63-25d64eaad2ca; expires=чт, 07 мар. 2024 06:17:49 MSK; path=/; domain=.otus.ru;secure;; sameSite=None, _ym_isad=2; expires=ср, 07 февр. 2024 02:17:51 MSK; path=/; domain=.otus.ru;secure;; sameSite=None, _ga=GA1.1.36609407.1707232669; expires=ср, 12 мар. 2025 06:17:49 MSK; path=/; domain=.otus.ru; sameSite=Lax, _ym_d=1707232671; expires=ср, 05 февр. 2025 06:17:50 MSK; path=/; domain=.otus.ru;secure;; sameSite=None, oid=b1488fb18ed967b8a9145c55a435c8bd; expires=ср, 12 мар. 2025 06:17:49 MSK; path=/; domain=.otus.ru; sameSite=Lax, _ga_N2GWLW9R5Z=GS1.1.1707232669.1.0.1707232669.60.0.0; expires=ср, 12 мар. 2025 06:17:49 MSK; path=/; domain=.otus.ru; sameSite=Lax, _tt_enable_cookie=1; expires=вс, 02 мар. 2025 06:17:50 MSK; path=/; domain=.otus.ru; sameSite=Lax, _ttp=J8zBTk0Js6l8GT-oTtd8aAScGGx; expires=вс, 02 мар. 2025 06:17:50 MSK; path=/; domain=.otus.ru; sameSite=Lax, _ym_visorc=b; expires=вт, 06 февр. 2024 06:47:52 MSK; path=/; domain=.otus.ru;secure;; sameSite=None, advcake_session_id=c6ed5fd5-2dfb-8fd0-8bf6-a1e96f4e7857; expires=чт, 07 мар. 2024 06:17:49 MSK; path=/; domain=.otus.ru;secure;; sameSite=None, utm=utm_source%3Dtypein%26utm_medium%3Ddirect; expires=ср, 12 мар. 2025 06:17:49 MSK; path=/; domain=.otus.ru; sameSite=Lax]
2024-02-06 18:18:13,637 INFO OtusAuthorizationTest [main] authorization passed
2024-02-06 18:18:14,002 INFO OtusAuthorizationTest [main] Stop driver
